2020-06-20 09:52:08.899 [main] INFO  com.lucky.service.base.utils.XmlUtilsTest - No active profile set, falling back to default profiles: default
2020-06-20 09:52:10.141 [main] INFO  o.s.d.r.config.RepositoryConfigurationDelegate - Multiple Spring Data modules found, entering strict repository configuration mode!
2020-06-20 09:52:10.145 [main] INFO  o.s.d.r.config.RepositoryConfigurationDelegate - Bootstrapping Spring Data Redis repositories in DEFAULT mode.
2020-06-20 09:52:10.193 [main] INFO  o.s.d.r.config.RepositoryConfigurationDelegate - Finished Spring Data repository scanning in 21ms. Found 0 Redis repository interfaces.
2020-06-20 09:52:10.544 [main] WARN  org.mybatis.spring.mapper.ClassPathMapperScanner - No MyBatis mapper was found in '[com.lucky.service.base]' package. Please check your configuration.
2020-06-20 09:52:10.705 [main] INFO  o.springframework.cloud.context.scope.GenericScope - BeanFactory id=0260ed35-bad6-36b8-b183-cc44d4974bc4
2020-06-20 09:52:12.476 [main] INFO  com.alibaba.druid.pool.DruidDataSource - {dataSource-1} inited
2020-06-20 09:52:12.597 [main] INFO  s.d.s.w.PropertySourcedRequestMappingHandlerMapping - Mapped URL path [/v2/api-docs] onto method [springfox.documentation.swagger2.web.Swagger2Controller#getDocumentation(String, HttpServletRequest)]
2020-06-20 09:52:12.873 [main] WARN  com.netflix.config.sources.URLConfigurationSource - No URLs will be polled as dynamic configuration sources.
2020-06-20 09:52:12.873 [main] INFO  com.netflix.config.sources.URLConfigurationSource - To enable URLs as dynamic configuration sources, define System property archaius.configurationSource.additionalUrls or make config.properties available on classpath.
2020-06-20 09:52:12.883 [main] WARN  com.netflix.config.sources.URLConfigurationSource - No URLs will be polled as dynamic configuration sources.
2020-06-20 09:52:12.883 [main] INFO  com.netflix.config.sources.URLConfigurationSource - To enable URLs as dynamic configuration sources, define System property archaius.configurationSource.additionalUrls or make config.properties available on classpath.
2020-06-20 09:52:13.242 [main] INFO  o.s.scheduling.concurrent.ThreadPoolTaskExecutor - Initializing ExecutorService 'applicationTaskExecutor'
2020-06-20 09:52:14.956 [main] WARN  o.s.c.l.c.BlockingLoadBalancerClientAutoConfiguration$BlockingLoadBalancerClientRibbonWarnLogger - You already have RibbonLoadBalancerClient on your classpath. It will be used by default. As Spring Cloud Ribbon is in maintenance mode. We recommend switching to BlockingLoadBalancerClient instead. In order to use it, set the value of `spring.cloud.loadbalancer.ribbon.enabled` to `false` or remove spring-cloud-starter-netflix-ribbon from your project.
2020-06-20 09:52:15.076 [main] INFO  s.d.s.web.plugins.DocumentationPluginsBootstrapper - Context refreshed
2020-06-20 09:52:15.113 [main] INFO  s.d.s.web.plugins.DocumentationPluginsBootstrapper - Found 1 custom documentation plugin(s)
2020-06-20 09:52:15.184 [main] INFO  s.d.spring.web.scanners.ApiListingReferenceScanner - Scanning for api listing references
2020-06-20 09:52:15.666 [main] INFO  com.lucky.service.base.utils.XmlUtilsTest - Started XmlUtilsTest in 8.02 seconds (JVM running for 10.499)
2020-06-20 09:52:20.822 [SpringContextShutdownHook] INFO  o.s.cloud.netflix.eureka.InstanceInfoFactory - Setting initial instance status as: STARTING
2020-06-20 09:52:20.838 [SpringContextShutdownHook] INFO  o.s.c.n.e.serviceregistry.EurekaServiceRegistry - Unregistering application LUCKYBASESERVICE with eureka with status DOWN
2020-06-20 09:52:20.896 [SpringContextShutdownHook] INFO  o.s.scheduling.concurrent.ThreadPoolTaskExecutor - Shutting down ExecutorService 'applicationTaskExecutor'
2020-06-20 09:52:20.899 [SpringContextShutdownHook] INFO  com.alibaba.druid.pool.DruidDataSource - {dataSource-1} closing ...
2020-06-20 09:52:20.933 [SpringContextShutdownHook] INFO  com.alibaba.druid.pool.DruidDataSource - {dataSource-1} closed
2020-06-20 09:54:41.279 [main] INFO  com.lucky.service.base.utils.XmlUtilsTest - No active profile set, falling back to default profiles: default
2020-06-20 09:54:42.464 [main] INFO  o.s.d.r.config.RepositoryConfigurationDelegate - Multiple Spring Data modules found, entering strict repository configuration mode!
2020-06-20 09:54:42.468 [main] INFO  o.s.d.r.config.RepositoryConfigurationDelegate - Bootstrapping Spring Data Redis repositories in DEFAULT mode.
2020-06-20 09:54:42.512 [main] INFO  o.s.d.r.config.RepositoryConfigurationDelegate - Finished Spring Data repository scanning in 11ms. Found 0 Redis repository interfaces.
2020-06-20 09:54:42.958 [main] WARN  org.mybatis.spring.mapper.ClassPathMapperScanner - No MyBatis mapper was found in '[com.lucky.service.base]' package. Please check your configuration.
2020-06-20 09:54:43.117 [main] INFO  o.springframework.cloud.context.scope.GenericScope - BeanFactory id=0260ed35-bad6-36b8-b183-cc44d4974bc4
2020-06-20 09:54:44.868 [main] INFO  com.alibaba.druid.pool.DruidDataSource - {dataSource-1} inited
2020-06-20 09:54:44.987 [main] INFO  s.d.s.w.PropertySourcedRequestMappingHandlerMapping - Mapped URL path [/v2/api-docs] onto method [springfox.documentation.swagger2.web.Swagger2Controller#getDocumentation(String, HttpServletRequest)]
2020-06-20 09:54:45.309 [main] WARN  com.netflix.config.sources.URLConfigurationSource - No URLs will be polled as dynamic configuration sources.
2020-06-20 09:54:45.309 [main] INFO  com.netflix.config.sources.URLConfigurationSource - To enable URLs as dynamic configuration sources, define System property archaius.configurationSource.additionalUrls or make config.properties available on classpath.
2020-06-20 09:54:45.318 [main] WARN  com.netflix.config.sources.URLConfigurationSource - No URLs will be polled as dynamic configuration sources.
2020-06-20 09:54:45.318 [main] INFO  com.netflix.config.sources.URLConfigurationSource - To enable URLs as dynamic configuration sources, define System property archaius.configurationSource.additionalUrls or make config.properties available on classpath.
2020-06-20 09:54:45.700 [main] INFO  o.s.scheduling.concurrent.ThreadPoolTaskExecutor - Initializing ExecutorService 'applicationTaskExecutor'
2020-06-20 09:54:47.304 [main] WARN  o.s.c.l.c.BlockingLoadBalancerClientAutoConfiguration$BlockingLoadBalancerClientRibbonWarnLogger - You already have RibbonLoadBalancerClient on your classpath. It will be used by default. As Spring Cloud Ribbon is in maintenance mode. We recommend switching to BlockingLoadBalancerClient instead. In order to use it, set the value of `spring.cloud.loadbalancer.ribbon.enabled` to `false` or remove spring-cloud-starter-netflix-ribbon from your project.
2020-06-20 09:54:47.425 [main] INFO  s.d.s.web.plugins.DocumentationPluginsBootstrapper - Context refreshed
2020-06-20 09:54:47.452 [main] INFO  s.d.s.web.plugins.DocumentationPluginsBootstrapper - Found 1 custom documentation plugin(s)
2020-06-20 09:54:47.511 [main] INFO  s.d.spring.web.scanners.ApiListingReferenceScanner - Scanning for api listing references
2020-06-20 09:54:48.010 [main] INFO  com.lucky.service.base.utils.XmlUtilsTest - Started XmlUtilsTest in 8.764 seconds (JVM running for 10.437)
2020-06-20 10:02:32.506 [SpringContextShutdownHook] INFO  o.s.cloud.netflix.eureka.InstanceInfoFactory - Setting initial instance status as: STARTING
2020-06-20 10:02:32.518 [SpringContextShutdownHook] INFO  o.s.c.n.e.serviceregistry.EurekaServiceRegistry - Unregistering application LUCKYBASESERVICE with eureka with status DOWN
2020-06-20 10:02:32.580 [SpringContextShutdownHook] INFO  o.s.scheduling.concurrent.ThreadPoolTaskExecutor - Shutting down ExecutorService 'applicationTaskExecutor'
2020-06-20 10:02:32.582 [SpringContextShutdownHook] INFO  com.alibaba.druid.pool.DruidDataSource - {dataSource-1} closing ...
2020-06-20 10:02:32.587 [SpringContextShutdownHook] INFO  com.alibaba.druid.pool.DruidDataSource - {dataSource-1} closed
2020-06-20 10:19:53.022 [main] INFO  com.lucky.service.base.utils.XmlUtilsTest - No active profile set, falling back to default profiles: default
2020-06-20 10:19:54.324 [main] INFO  o.s.d.r.config.RepositoryConfigurationDelegate - Multiple Spring Data modules found, entering strict repository configuration mode!
2020-06-20 10:19:54.329 [main] INFO  o.s.d.r.config.RepositoryConfigurationDelegate - Bootstrapping Spring Data Redis repositories in DEFAULT mode.
2020-06-20 10:19:54.374 [main] INFO  o.s.d.r.config.RepositoryConfigurationDelegate - Finished Spring Data repository scanning in 8ms. Found 0 Redis repository interfaces.
2020-06-20 10:19:54.733 [main] WARN  org.mybatis.spring.mapper.ClassPathMapperScanner - No MyBatis mapper was found in '[com.lucky.service.base]' package. Please check your configuration.
2020-06-20 10:19:54.877 [main] INFO  o.springframework.cloud.context.scope.GenericScope - BeanFactory id=0260ed35-bad6-36b8-b183-cc44d4974bc4
2020-06-20 10:19:56.600 [main] INFO  com.alibaba.druid.pool.DruidDataSource - {dataSource-1} inited
2020-06-20 10:19:56.702 [main] INFO  s.d.s.w.PropertySourcedRequestMappingHandlerMapping - Mapped URL path [/v2/api-docs] onto method [springfox.documentation.swagger2.web.Swagger2Controller#getDocumentation(String, HttpServletRequest)]
2020-06-20 10:19:57.036 [main] WARN  com.netflix.config.sources.URLConfigurationSource - No URLs will be polled as dynamic configuration sources.
2020-06-20 10:19:57.037 [main] INFO  com.netflix.config.sources.URLConfigurationSource - To enable URLs as dynamic configuration sources, define System property archaius.configurationSource.additionalUrls or make config.properties available on classpath.
2020-06-20 10:19:57.053 [main] WARN  com.netflix.config.sources.URLConfigurationSource - No URLs will be polled as dynamic configuration sources.
2020-06-20 10:19:57.053 [main] INFO  com.netflix.config.sources.URLConfigurationSource - To enable URLs as dynamic configuration sources, define System property archaius.configurationSource.additionalUrls or make config.properties available on classpath.
2020-06-20 10:19:57.409 [main] INFO  o.s.scheduling.concurrent.ThreadPoolTaskExecutor - Initializing ExecutorService 'applicationTaskExecutor'
2020-06-20 10:19:59.081 [main] WARN  o.s.c.l.c.BlockingLoadBalancerClientAutoConfiguration$BlockingLoadBalancerClientRibbonWarnLogger - You already have RibbonLoadBalancerClient on your classpath. It will be used by default. As Spring Cloud Ribbon is in maintenance mode. We recommend switching to BlockingLoadBalancerClient instead. In order to use it, set the value of `spring.cloud.loadbalancer.ribbon.enabled` to `false` or remove spring-cloud-starter-netflix-ribbon from your project.
2020-06-20 10:19:59.191 [main] INFO  s.d.s.web.plugins.DocumentationPluginsBootstrapper - Context refreshed
2020-06-20 10:19:59.213 [main] INFO  s.d.s.web.plugins.DocumentationPluginsBootstrapper - Found 1 custom documentation plugin(s)
2020-06-20 10:19:59.271 [main] INFO  s.d.spring.web.scanners.ApiListingReferenceScanner - Scanning for api listing references
2020-06-20 10:19:59.723 [main] INFO  com.lucky.service.base.utils.XmlUtilsTest - Started XmlUtilsTest in 7.969 seconds (JVM running for 9.402)
2020-06-20 10:21:52.446 [SpringContextShutdownHook] INFO  o.s.cloud.netflix.eureka.InstanceInfoFactory - Setting initial instance status as: STARTING
2020-06-20 10:21:52.453 [SpringContextShutdownHook] INFO  o.s.c.n.e.serviceregistry.EurekaServiceRegistry - Unregistering application LUCKYBASESERVICE with eureka with status DOWN
2020-06-20 10:21:52.503 [SpringContextShutdownHook] INFO  o.s.scheduling.concurrent.ThreadPoolTaskExecutor - Shutting down ExecutorService 'applicationTaskExecutor'
2020-06-20 10:21:52.506 [SpringContextShutdownHook] INFO  com.alibaba.druid.pool.DruidDataSource - {dataSource-1} closing ...
2020-06-20 10:21:52.522 [SpringContextShutdownHook] INFO  com.alibaba.druid.pool.DruidDataSource - {dataSource-1} closed
2020-06-20 10:26:21.902 [main] INFO  com.lucky.service.base.utils.XmlUtilsTest - No active profile set, falling back to default profiles: default
2020-06-20 10:26:23.033 [main] INFO  o.s.d.r.config.RepositoryConfigurationDelegate - Multiple Spring Data modules found, entering strict repository configuration mode!
2020-06-20 10:26:23.037 [main] INFO  o.s.d.r.config.RepositoryConfigurationDelegate - Bootstrapping Spring Data Redis repositories in DEFAULT mode.
2020-06-20 10:26:23.075 [main] INFO  o.s.d.r.config.RepositoryConfigurationDelegate - Finished Spring Data repository scanning in 17ms. Found 0 Redis repository interfaces.
2020-06-20 10:26:23.419 [main] WARN  org.mybatis.spring.mapper.ClassPathMapperScanner - No MyBatis mapper was found in '[com.lucky.service.base]' package. Please check your configuration.
2020-06-20 10:26:23.569 [main] INFO  o.springframework.cloud.context.scope.GenericScope - BeanFactory id=0260ed35-bad6-36b8-b183-cc44d4974bc4
2020-06-20 10:26:25.243 [main] INFO  com.alibaba.druid.pool.DruidDataSource - {dataSource-1} inited
2020-06-20 10:26:25.364 [main] INFO  s.d.s.w.PropertySourcedRequestMappingHandlerMapping - Mapped URL path [/v2/api-docs] onto method [springfox.documentation.swagger2.web.Swagger2Controller#getDocumentation(String, HttpServletRequest)]
2020-06-20 10:26:25.626 [main] WARN  com.netflix.config.sources.URLConfigurationSource - No URLs will be polled as dynamic configuration sources.
2020-06-20 10:26:25.627 [main] INFO  com.netflix.config.sources.URLConfigurationSource - To enable URLs as dynamic configuration sources, define System property archaius.configurationSource.additionalUrls or make config.properties available on classpath.
2020-06-20 10:26:25.640 [main] WARN  com.netflix.config.sources.URLConfigurationSource - No URLs will be polled as dynamic configuration sources.
2020-06-20 10:26:25.641 [main] INFO  com.netflix.config.sources.URLConfigurationSource - To enable URLs as dynamic configuration sources, define System property archaius.configurationSource.additionalUrls or make config.properties available on classpath.
2020-06-20 10:26:26.006 [main] INFO  o.s.scheduling.concurrent.ThreadPoolTaskExecutor - Initializing ExecutorService 'applicationTaskExecutor'
2020-06-20 10:26:27.730 [main] WARN  o.s.c.l.c.BlockingLoadBalancerClientAutoConfiguration$BlockingLoadBalancerClientRibbonWarnLogger - You already have RibbonLoadBalancerClient on your classpath. It will be used by default. As Spring Cloud Ribbon is in maintenance mode. We recommend switching to BlockingLoadBalancerClient instead. In order to use it, set the value of `spring.cloud.loadbalancer.ribbon.enabled` to `false` or remove spring-cloud-starter-netflix-ribbon from your project.
2020-06-20 10:26:27.870 [main] INFO  s.d.s.web.plugins.DocumentationPluginsBootstrapper - Context refreshed
2020-06-20 10:26:27.906 [main] INFO  s.d.s.web.plugins.DocumentationPluginsBootstrapper - Found 1 custom documentation plugin(s)
2020-06-20 10:26:27.973 [main] INFO  s.d.spring.web.scanners.ApiListingReferenceScanner - Scanning for api listing references
2020-06-20 10:26:28.471 [main] INFO  com.lucky.service.base.utils.XmlUtilsTest - Started XmlUtilsTest in 7.895 seconds (JVM running for 9.216)
2020-06-20 10:26:28.862 [SpringContextShutdownHook] INFO  o.s.cloud.netflix.eureka.InstanceInfoFactory - Setting initial instance status as: STARTING
2020-06-20 10:26:28.870 [SpringContextShutdownHook] INFO  o.s.c.n.e.serviceregistry.EurekaServiceRegistry - Unregistering application LUCKYBASESERVICE with eureka with status DOWN
2020-06-20 10:26:28.916 [SpringContextShutdownHook] INFO  o.s.scheduling.concurrent.ThreadPoolTaskExecutor - Shutting down ExecutorService 'applicationTaskExecutor'
2020-06-20 10:26:28.918 [SpringContextShutdownHook] INFO  com.alibaba.druid.pool.DruidDataSource - {dataSource-1} closing ...
2020-06-20 10:26:28.933 [SpringContextShutdownHook] INFO  com.alibaba.druid.pool.DruidDataSource - {dataSource-1} closed
2020-06-20 10:27:01.366 [main] INFO  com.lucky.service.base.utils.XmlUtilsTest - No active profile set, falling back to default profiles: default
2020-06-20 10:27:02.505 [main] INFO  o.s.d.r.config.RepositoryConfigurationDelegate - Multiple Spring Data modules found, entering strict repository configuration mode!
2020-06-20 10:27:02.509 [main] INFO  o.s.d.r.config.RepositoryConfigurationDelegate - Bootstrapping Spring Data Redis repositories in DEFAULT mode.
2020-06-20 10:27:02.541 [main] INFO  o.s.d.r.config.RepositoryConfigurationDelegate - Finished Spring Data repository scanning in 9ms. Found 0 Redis repository interfaces.
2020-06-20 10:27:02.897 [main] WARN  org.mybatis.spring.mapper.ClassPathMapperScanner - No MyBatis mapper was found in '[com.lucky.service.base]' package. Please check your configuration.
2020-06-20 10:27:03.053 [main] INFO  o.springframework.cloud.context.scope.GenericScope - BeanFactory id=0260ed35-bad6-36b8-b183-cc44d4974bc4
2020-06-20 10:27:04.731 [main] INFO  com.alibaba.druid.pool.DruidDataSource - {dataSource-1} inited
2020-06-20 10:27:04.844 [main] INFO  s.d.s.w.PropertySourcedRequestMappingHandlerMapping - Mapped URL path [/v2/api-docs] onto method [springfox.documentation.swagger2.web.Swagger2Controller#getDocumentation(String, HttpServletRequest)]
2020-06-20 10:27:05.119 [main] WARN  com.netflix.config.sources.URLConfigurationSource - No URLs will be polled as dynamic configuration sources.
2020-06-20 10:27:05.119 [main] INFO  com.netflix.config.sources.URLConfigurationSource - To enable URLs as dynamic configuration sources, define System property archaius.configurationSource.additionalUrls or make config.properties available on classpath.
2020-06-20 10:27:05.128 [main] WARN  com.netflix.config.sources.URLConfigurationSource - No URLs will be polled as dynamic configuration sources.
2020-06-20 10:27:05.129 [main] INFO  com.netflix.config.sources.URLConfigurationSource - To enable URLs as dynamic configuration sources, define System property archaius.configurationSource.additionalUrls or make config.properties available on classpath.
2020-06-20 10:27:05.489 [main] INFO  o.s.scheduling.concurrent.ThreadPoolTaskExecutor - Initializing ExecutorService 'applicationTaskExecutor'
2020-06-20 10:27:07.178 [main] WARN  o.s.c.l.c.BlockingLoadBalancerClientAutoConfiguration$BlockingLoadBalancerClientRibbonWarnLogger - You already have RibbonLoadBalancerClient on your classpath. It will be used by default. As Spring Cloud Ribbon is in maintenance mode. We recommend switching to BlockingLoadBalancerClient instead. In order to use it, set the value of `spring.cloud.loadbalancer.ribbon.enabled` to `false` or remove spring-cloud-starter-netflix-ribbon from your project.
2020-06-20 10:27:07.313 [main] INFO  s.d.s.web.plugins.DocumentationPluginsBootstrapper - Context refreshed
2020-06-20 10:27:07.347 [main] INFO  s.d.s.web.plugins.DocumentationPluginsBootstrapper - Found 1 custom documentation plugin(s)
2020-06-20 10:27:07.417 [main] INFO  s.d.spring.web.scanners.ApiListingReferenceScanner - Scanning for api listing references
2020-06-20 10:27:07.906 [main] INFO  com.lucky.service.base.utils.XmlUtilsTest - Started XmlUtilsTest in 7.894 seconds (JVM running for 9.308)
2020-06-20 10:27:38.439 [SpringContextShutdownHook] INFO  o.s.cloud.netflix.eureka.InstanceInfoFactory - Setting initial instance status as: STARTING
2020-06-20 10:27:38.451 [SpringContextShutdownHook] INFO  o.s.c.n.e.serviceregistry.EurekaServiceRegistry - Unregistering application LUCKYBASESERVICE with eureka with status DOWN
2020-06-20 10:27:38.504 [SpringContextShutdownHook] INFO  o.s.scheduling.concurrent.ThreadPoolTaskExecutor - Shutting down ExecutorService 'applicationTaskExecutor'
2020-06-20 10:27:38.508 [SpringContextShutdownHook] INFO  com.alibaba.druid.pool.DruidDataSource - {dataSource-1} closing ...
2020-06-20 10:27:38.524 [SpringContextShutdownHook] INFO  com.alibaba.druid.pool.DruidDataSource - {dataSource-1} closed
2020-06-20 10:33:25.634 [main] INFO  com.lucky.service.base.utils.XmlUtilsTest - No active profile set, falling back to default profiles: default
2020-06-20 10:33:26.808 [main] INFO  o.s.d.r.config.RepositoryConfigurationDelegate - Multiple Spring Data modules found, entering strict repository configuration mode!
2020-06-20 10:33:26.812 [main] INFO  o.s.d.r.config.RepositoryConfigurationDelegate - Bootstrapping Spring Data Redis repositories in DEFAULT mode.
2020-06-20 10:33:26.850 [main] INFO  o.s.d.r.config.RepositoryConfigurationDelegate - Finished Spring Data repository scanning in 9ms. Found 0 Redis repository interfaces.
2020-06-20 10:33:27.217 [main] WARN  org.mybatis.spring.mapper.ClassPathMapperScanner - No MyBatis mapper was found in '[com.lucky.service.base]' package. Please check your configuration.
2020-06-20 10:33:27.359 [main] INFO  o.springframework.cloud.context.scope.GenericScope - BeanFactory id=0260ed35-bad6-36b8-b183-cc44d4974bc4
2020-06-20 10:33:29.079 [main] INFO  com.alibaba.druid.pool.DruidDataSource - {dataSource-1} inited
2020-06-20 10:33:29.196 [main] INFO  s.d.s.w.PropertySourcedRequestMappingHandlerMapping - Mapped URL path [/v2/api-docs] onto method [springfox.documentation.swagger2.web.Swagger2Controller#getDocumentation(String, HttpServletRequest)]
2020-06-20 10:33:29.470 [main] WARN  com.netflix.config.sources.URLConfigurationSource - No URLs will be polled as dynamic configuration sources.
2020-06-20 10:33:29.471 [main] INFO  com.netflix.config.sources.URLConfigurationSource - To enable URLs as dynamic configuration sources, define System property archaius.configurationSource.additionalUrls or make config.properties available on classpath.
2020-06-20 10:33:29.483 [main] WARN  com.netflix.config.sources.URLConfigurationSource - No URLs will be polled as dynamic configuration sources.
2020-06-20 10:33:29.483 [main] INFO  com.netflix.config.sources.URLConfigurationSource - To enable URLs as dynamic configuration sources, define System property archaius.configurationSource.additionalUrls or make config.properties available on classpath.
2020-06-20 10:33:29.834 [main] INFO  o.s.scheduling.concurrent.ThreadPoolTaskExecutor - Initializing ExecutorService 'applicationTaskExecutor'
2020-06-20 10:33:31.450 [main] WARN  o.s.c.l.c.BlockingLoadBalancerClientAutoConfiguration$BlockingLoadBalancerClientRibbonWarnLogger - You already have RibbonLoadBalancerClient on your classpath. It will be used by default. As Spring Cloud Ribbon is in maintenance mode. We recommend switching to BlockingLoadBalancerClient instead. In order to use it, set the value of `spring.cloud.loadbalancer.ribbon.enabled` to `false` or remove spring-cloud-starter-netflix-ribbon from your project.
2020-06-20 10:33:31.574 [main] INFO  s.d.s.web.plugins.DocumentationPluginsBootstrapper - Context refreshed
2020-06-20 10:33:31.593 [main] INFO  s.d.s.web.plugins.DocumentationPluginsBootstrapper - Found 1 custom documentation plugin(s)
2020-06-20 10:33:31.648 [main] INFO  s.d.spring.web.scanners.ApiListingReferenceScanner - Scanning for api listing references
2020-06-20 10:33:32.107 [main] INFO  com.lucky.service.base.utils.XmlUtilsTest - Started XmlUtilsTest in 7.776 seconds (JVM running for 9.159)
2020-06-20 10:33:42.974 [SpringContextShutdownHook] INFO  o.s.cloud.netflix.eureka.InstanceInfoFactory - Setting initial instance status as: STARTING
2020-06-20 10:33:42.987 [SpringContextShutdownHook] INFO  o.s.c.n.e.serviceregistry.EurekaServiceRegistry - Unregistering application LUCKYBASESERVICE with eureka with status DOWN
2020-06-20 10:33:43.037 [SpringContextShutdownHook] INFO  o.s.scheduling.concurrent.ThreadPoolTaskExecutor - Shutting down ExecutorService 'applicationTaskExecutor'
2020-06-20 10:33:43.040 [SpringContextShutdownHook] INFO  com.alibaba.druid.pool.DruidDataSource - {dataSource-1} closing ...
2020-06-20 10:33:43.056 [SpringContextShutdownHook] INFO  com.alibaba.druid.pool.DruidDataSource - {dataSource-1} closed
2020-06-20 10:35:18.837 [main] INFO  com.lucky.service.base.utils.XmlUtilsTest - No active profile set, falling back to default profiles: default
2020-06-20 10:35:20.049 [main] INFO  o.s.d.r.config.RepositoryConfigurationDelegate - Multiple Spring Data modules found, entering strict repository configuration mode!
2020-06-20 10:35:20.053 [main] INFO  o.s.d.r.config.RepositoryConfigurationDelegate - Bootstrapping Spring Data Redis repositories in DEFAULT mode.
2020-06-20 10:35:20.092 [main] INFO  o.s.d.r.config.RepositoryConfigurationDelegate - Finished Spring Data repository scanning in 13ms. Found 0 Redis repository interfaces.
2020-06-20 10:35:20.439 [main] WARN  org.mybatis.spring.mapper.ClassPathMapperScanner - No MyBatis mapper was found in '[com.lucky.service.base]' package. Please check your configuration.
2020-06-20 10:35:20.597 [main] INFO  o.springframework.cloud.context.scope.GenericScope - BeanFactory id=0260ed35-bad6-36b8-b183-cc44d4974bc4
2020-06-20 10:35:22.287 [main] INFO  com.alibaba.druid.pool.DruidDataSource - {dataSource-1} inited
2020-06-20 10:35:22.405 [main] INFO  s.d.s.w.PropertySourcedRequestMappingHandlerMapping - Mapped URL path [/v2/api-docs] onto method [springfox.documentation.swagger2.web.Swagger2Controller#getDocumentation(String, HttpServletRequest)]
2020-06-20 10:35:22.694 [main] WARN  com.netflix.config.sources.URLConfigurationSource - No URLs will be polled as dynamic configuration sources.
2020-06-20 10:35:22.695 [main] INFO  com.netflix.config.sources.URLConfigurationSource - To enable URLs as dynamic configuration sources, define System property archaius.configurationSource.additionalUrls or make config.properties available on classpath.
2020-06-20 10:35:22.704 [main] WARN  com.netflix.config.sources.URLConfigurationSource - No URLs will be polled as dynamic configuration sources.
2020-06-20 10:35:22.704 [main] INFO  com.netflix.config.sources.URLConfigurationSource - To enable URLs as dynamic configuration sources, define System property archaius.configurationSource.additionalUrls or make config.properties available on classpath.
2020-06-20 10:35:23.055 [main] INFO  o.s.scheduling.concurrent.ThreadPoolTaskExecutor - Initializing ExecutorService 'applicationTaskExecutor'
2020-06-20 10:35:24.785 [main] WARN  o.s.c.l.c.BlockingLoadBalancerClientAutoConfiguration$BlockingLoadBalancerClientRibbonWarnLogger - You already have RibbonLoadBalancerClient on your classpath. It will be used by default. As Spring Cloud Ribbon is in maintenance mode. We recommend switching to BlockingLoadBalancerClient instead. In order to use it, set the value of `spring.cloud.loadbalancer.ribbon.enabled` to `false` or remove spring-cloud-starter-netflix-ribbon from your project.
2020-06-20 10:35:24.917 [main] INFO  s.d.s.web.plugins.DocumentationPluginsBootstrapper - Context refreshed
2020-06-20 10:35:24.945 [main] INFO  s.d.s.web.plugins.DocumentationPluginsBootstrapper - Found 1 custom documentation plugin(s)
2020-06-20 10:35:25.008 [main] INFO  s.d.spring.web.scanners.ApiListingReferenceScanner - Scanning for api listing references
2020-06-20 10:35:25.516 [main] INFO  com.lucky.service.base.utils.XmlUtilsTest - Started XmlUtilsTest in 8.078 seconds (JVM running for 9.444)
2020-06-20 10:35:35.006 [SpringContextShutdownHook] INFO  o.s.cloud.netflix.eureka.InstanceInfoFactory - Setting initial instance status as: STARTING
2020-06-20 10:35:35.022 [SpringContextShutdownHook] INFO  o.s.c.n.e.serviceregistry.EurekaServiceRegistry - Unregistering application LUCKYBASESERVICE with eureka with status DOWN
2020-06-20 10:35:35.056 [SpringContextShutdownHook] INFO  o.s.scheduling.concurrent.ThreadPoolTaskExecutor - Shutting down ExecutorService 'applicationTaskExecutor'
2020-06-20 10:35:35.058 [SpringContextShutdownHook] INFO  com.alibaba.druid.pool.DruidDataSource - {dataSource-1} closing ...
2020-06-20 10:35:35.076 [SpringContextShutdownHook] INFO  com.alibaba.druid.pool.DruidDataSource - {dataSource-1} closed
2020-06-20 10:36:38.899 [main] INFO  com.lucky.service.base.utils.XmlUtilsTest - No active profile set, falling back to default profiles: default
2020-06-20 10:36:40.047 [main] INFO  o.s.d.r.config.RepositoryConfigurationDelegate - Multiple Spring Data modules found, entering strict repository configuration mode!
2020-06-20 10:36:40.051 [main] INFO  o.s.d.r.config.RepositoryConfigurationDelegate - Bootstrapping Spring Data Redis repositories in DEFAULT mode.
2020-06-20 10:36:40.081 [main] INFO  o.s.d.r.config.RepositoryConfigurationDelegate - Finished Spring Data repository scanning in 8ms. Found 0 Redis repository interfaces.
2020-06-20 10:36:40.429 [main] WARN  org.mybatis.spring.mapper.ClassPathMapperScanner - No MyBatis mapper was found in '[com.lucky.service.base]' package. Please check your configuration.
2020-06-20 10:36:40.576 [main] INFO  o.springframework.cloud.context.scope.GenericScope - BeanFactory id=0260ed35-bad6-36b8-b183-cc44d4974bc4
2020-06-20 10:36:42.219 [main] INFO  com.alibaba.druid.pool.DruidDataSource - {dataSource-1} inited
2020-06-20 10:36:42.333 [main] INFO  s.d.s.w.PropertySourcedRequestMappingHandlerMapping - Mapped URL path [/v2/api-docs] onto method [springfox.documentation.swagger2.web.Swagger2Controller#getDocumentation(String, HttpServletRequest)]
2020-06-20 10:36:42.602 [main] WARN  com.netflix.config.sources.URLConfigurationSource - No URLs will be polled as dynamic configuration sources.
2020-06-20 10:36:42.603 [main] INFO  com.netflix.config.sources.URLConfigurationSource - To enable URLs as dynamic configuration sources, define System property archaius.configurationSource.additionalUrls or make config.properties available on classpath.
2020-06-20 10:36:42.611 [main] WARN  com.netflix.config.sources.URLConfigurationSource - No URLs will be polled as dynamic configuration sources.
2020-06-20 10:36:42.612 [main] INFO  com.netflix.config.sources.URLConfigurationSource - To enable URLs as dynamic configuration sources, define System property archaius.configurationSource.additionalUrls or make config.properties available on classpath.
2020-06-20 10:36:42.980 [main] INFO  o.s.scheduling.concurrent.ThreadPoolTaskExecutor - Initializing ExecutorService 'applicationTaskExecutor'
2020-06-20 10:36:44.666 [main] WARN  o.s.c.l.c.BlockingLoadBalancerClientAutoConfiguration$BlockingLoadBalancerClientRibbonWarnLogger - You already have RibbonLoadBalancerClient on your classpath. It will be used by default. As Spring Cloud Ribbon is in maintenance mode. We recommend switching to BlockingLoadBalancerClient instead. In order to use it, set the value of `spring.cloud.loadbalancer.ribbon.enabled` to `false` or remove spring-cloud-starter-netflix-ribbon from your project.
2020-06-20 10:36:44.789 [main] INFO  s.d.s.web.plugins.DocumentationPluginsBootstrapper - Context refreshed
2020-06-20 10:36:44.819 [main] INFO  s.d.s.web.plugins.DocumentationPluginsBootstrapper - Found 1 custom documentation plugin(s)
2020-06-20 10:36:44.884 [main] INFO  s.d.spring.web.scanners.ApiListingReferenceScanner - Scanning for api listing references
2020-06-20 10:36:45.370 [main] INFO  com.lucky.service.base.utils.XmlUtilsTest - Started XmlUtilsTest in 7.783 seconds (JVM running for 9.112)
2020-06-20 10:37:08.101 [SpringContextShutdownHook] INFO  o.s.cloud.netflix.eureka.InstanceInfoFactory - Setting initial instance status as: STARTING
2020-06-20 10:37:08.111 [SpringContextShutdownHook] INFO  o.s.c.n.e.serviceregistry.EurekaServiceRegistry - Unregistering application LUCKYBASESERVICE with eureka with status DOWN
2020-06-20 10:37:08.171 [SpringContextShutdownHook] INFO  o.s.scheduling.concurrent.ThreadPoolTaskExecutor - Shutting down ExecutorService 'applicationTaskExecutor'
2020-06-20 10:37:08.175 [SpringContextShutdownHook] INFO  com.alibaba.druid.pool.DruidDataSource - {dataSource-1} closing ...
2020-06-20 10:37:08.200 [SpringContextShutdownHook] INFO  com.alibaba.druid.pool.DruidDataSource - {dataSource-1} closed
2020-06-20 10:37:21.150 [main] INFO  com.lucky.service.base.utils.XmlUtilsTest - No active profile set, falling back to default profiles: default
2020-06-20 10:37:22.155 [main] INFO  o.s.d.r.config.RepositoryConfigurationDelegate - Multiple Spring Data modules found, entering strict repository configuration mode!
2020-06-20 10:37:22.159 [main] INFO  o.s.d.r.config.RepositoryConfigurationDelegate - Bootstrapping Spring Data Redis repositories in DEFAULT mode.
2020-06-20 10:37:22.183 [main] INFO  o.s.d.r.config.RepositoryConfigurationDelegate - Finished Spring Data repository scanning in 7ms. Found 0 Redis repository interfaces.
2020-06-20 10:37:22.504 [main] WARN  org.mybatis.spring.mapper.ClassPathMapperScanner - No MyBatis mapper was found in '[com.lucky.service.base]' package. Please check your configuration.
2020-06-20 10:37:22.662 [main] INFO  o.springframework.cloud.context.scope.GenericScope - BeanFactory id=0260ed35-bad6-36b8-b183-cc44d4974bc4
2020-06-20 10:37:24.455 [main] INFO  com.alibaba.druid.pool.DruidDataSource - {dataSource-1} inited
2020-06-20 10:37:24.577 [main] INFO  s.d.s.w.PropertySourcedRequestMappingHandlerMapping - Mapped URL path [/v2/api-docs] onto method [springfox.documentation.swagger2.web.Swagger2Controller#getDocumentation(String, HttpServletRequest)]
2020-06-20 10:37:24.862 [main] WARN  com.netflix.config.sources.URLConfigurationSource - No URLs will be polled as dynamic configuration sources.
2020-06-20 10:37:24.863 [main] INFO  com.netflix.config.sources.URLConfigurationSource - To enable URLs as dynamic configuration sources, define System property archaius.configurationSource.additionalUrls or make config.properties available on classpath.
2020-06-20 10:37:24.873 [main] WARN  com.netflix.config.sources.URLConfigurationSource - No URLs will be polled as dynamic configuration sources.
2020-06-20 10:37:24.873 [main] INFO  com.netflix.config.sources.URLConfigurationSource - To enable URLs as dynamic configuration sources, define System property archaius.configurationSource.additionalUrls or make config.properties available on classpath.
2020-06-20 10:37:25.242 [main] INFO  o.s.scheduling.concurrent.ThreadPoolTaskExecutor - Initializing ExecutorService 'applicationTaskExecutor'
2020-06-20 10:37:27.028 [main] WARN  o.s.c.l.c.BlockingLoadBalancerClientAutoConfiguration$BlockingLoadBalancerClientRibbonWarnLogger - You already have RibbonLoadBalancerClient on your classpath. It will be used by default. As Spring Cloud Ribbon is in maintenance mode. We recommend switching to BlockingLoadBalancerClient instead. In order to use it, set the value of `spring.cloud.loadbalancer.ribbon.enabled` to `false` or remove spring-cloud-starter-netflix-ribbon from your project.
2020-06-20 10:37:27.177 [main] INFO  s.d.s.web.plugins.DocumentationPluginsBootstrapper - Context refreshed
2020-06-20 10:37:27.206 [main] INFO  s.d.s.web.plugins.DocumentationPluginsBootstrapper - Found 1 custom documentation plugin(s)
2020-06-20 10:37:27.292 [main] INFO  s.d.spring.web.scanners.ApiListingReferenceScanner - Scanning for api listing references
2020-06-20 10:37:27.763 [main] INFO  com.lucky.service.base.utils.XmlUtilsTest - Started XmlUtilsTest in 7.935 seconds (JVM running for 9.298)
2020-06-20 10:39:57.954 [SpringContextShutdownHook] INFO  o.s.cloud.netflix.eureka.InstanceInfoFactory - Setting initial instance status as: STARTING
2020-06-20 10:39:57.972 [SpringContextShutdownHook] INFO  o.s.c.n.e.serviceregistry.EurekaServiceRegistry - Unregistering application LUCKYBASESERVICE with eureka with status DOWN
2020-06-20 10:39:58.020 [SpringContextShutdownHook] INFO  o.s.scheduling.concurrent.ThreadPoolTaskExecutor - Shutting down ExecutorService 'applicationTaskExecutor'
2020-06-20 10:39:58.022 [SpringContextShutdownHook] INFO  com.alibaba.druid.pool.DruidDataSource - {dataSource-1} closing ...
2020-06-20 10:39:58.043 [SpringContextShutdownHook] INFO  com.alibaba.druid.pool.DruidDataSource - {dataSource-1} closed
2020-06-20 10:40:08.500 [main] INFO  com.lucky.service.base.utils.XmlUtilsTest - No active profile set, falling back to default profiles: default
2020-06-20 10:40:09.633 [main] INFO  o.s.d.r.config.RepositoryConfigurationDelegate - Multiple Spring Data modules found, entering strict repository configuration mode!
2020-06-20 10:40:09.637 [main] INFO  o.s.d.r.config.RepositoryConfigurationDelegate - Bootstrapping Spring Data Redis repositories in DEFAULT mode.
2020-06-20 10:40:09.682 [main] INFO  o.s.d.r.config.RepositoryConfigurationDelegate - Finished Spring Data repository scanning in 7ms. Found 0 Redis repository interfaces.
2020-06-20 10:40:09.991 [main] WARN  org.mybatis.spring.mapper.ClassPathMapperScanner - No MyBatis mapper was found in '[com.lucky.service.base]' package. Please check your configuration.
2020-06-20 10:40:10.137 [main] INFO  o.springframework.cloud.context.scope.GenericScope - BeanFactory id=0260ed35-bad6-36b8-b183-cc44d4974bc4
2020-06-20 10:40:11.797 [main] INFO  com.alibaba.druid.pool.DruidDataSource - {dataSource-1} inited
2020-06-20 10:40:11.911 [main] INFO  s.d.s.w.PropertySourcedRequestMappingHandlerMapping - Mapped URL path [/v2/api-docs] onto method [springfox.documentation.swagger2.web.Swagger2Controller#getDocumentation(String, HttpServletRequest)]
2020-06-20 10:40:12.183 [main] WARN  com.netflix.config.sources.URLConfigurationSource - No URLs will be polled as dynamic configuration sources.
2020-06-20 10:40:12.183 [main] INFO  com.netflix.config.sources.URLConfigurationSource - To enable URLs as dynamic configuration sources, define System property archaius.configurationSource.additionalUrls or make config.properties available on classpath.
2020-06-20 10:40:12.192 [main] WARN  com.netflix.config.sources.URLConfigurationSource - No URLs will be polled as dynamic configuration sources.
2020-06-20 10:40:12.192 [main] INFO  com.netflix.config.sources.URLConfigurationSource - To enable URLs as dynamic configuration sources, define System property archaius.configurationSource.additionalUrls or make config.properties available on classpath.
2020-06-20 10:40:12.541 [main] INFO  o.s.scheduling.concurrent.ThreadPoolTaskExecutor - Initializing ExecutorService 'applicationTaskExecutor'
2020-06-20 10:40:14.170 [main] WARN  o.s.c.l.c.BlockingLoadBalancerClientAutoConfiguration$BlockingLoadBalancerClientRibbonWarnLogger - You already have RibbonLoadBalancerClient on your classpath. It will be used by default. As Spring Cloud Ribbon is in maintenance mode. We recommend switching to BlockingLoadBalancerClient instead. In order to use it, set the value of `spring.cloud.loadbalancer.ribbon.enabled` to `false` or remove spring-cloud-starter-netflix-ribbon from your project.
2020-06-20 10:40:14.303 [main] INFO  s.d.s.web.plugins.DocumentationPluginsBootstrapper - Context refreshed
2020-06-20 10:40:14.331 [main] INFO  s.d.s.web.plugins.DocumentationPluginsBootstrapper - Found 1 custom documentation plugin(s)
2020-06-20 10:40:14.394 [main] INFO  s.d.spring.web.scanners.ApiListingReferenceScanner - Scanning for api listing references
2020-06-20 10:40:14.882 [main] INFO  com.lucky.service.base.utils.XmlUtilsTest - Started XmlUtilsTest in 7.671 seconds (JVM running for 9.116)
2020-06-20 10:46:15.828 [SpringContextShutdownHook] INFO  o.s.cloud.netflix.eureka.InstanceInfoFactory - Setting initial instance status as: STARTING
2020-06-20 10:46:15.841 [SpringContextShutdownHook] INFO  o.s.c.n.e.serviceregistry.EurekaServiceRegistry - Unregistering application LUCKYBASESERVICE with eureka with status DOWN
2020-06-20 10:46:15.887 [SpringContextShutdownHook] INFO  o.s.scheduling.concurrent.ThreadPoolTaskExecutor - Shutting down ExecutorService 'applicationTaskExecutor'
2020-06-20 10:46:15.890 [SpringContextShutdownHook] INFO  com.alibaba.druid.pool.DruidDataSource - {dataSource-1} closing ...
2020-06-20 10:46:15.909 [SpringContextShutdownHook] INFO  com.alibaba.druid.pool.DruidDataSource - {dataSource-1} closed
