2020-05-19 08:37:09.679 [main] INFO  com.lucky.eureka.RegistrationCenterApplication - No active profile set, falling back to default profiles: default
2020-05-19 08:37:10.666 [main] WARN  o.springframework.boot.actuate.endpoint.EndpointId - Endpoint ID 'service-registry' contains invalid characters, please migrate to a valid format.
2020-05-19 08:37:10.839 [main] INFO  o.springframework.cloud.context.scope.GenericScope - BeanFactory id=2d10861f-680c-3b56-8260-deff0768941d
2020-05-19 08:37:11.317 [main] INFO  o.s.boot.web.embedded.tomcat.TomcatWebServer - Tomcat initialized with port(s): 18000 (http)
2020-05-19 08:37:11.329 [main] INFO  org.apache.coyote.http11.Http11NioProtocol - Initializing ProtocolHandler ["http-nio-18000"]
2020-05-19 08:37:11.330 [main] INFO  org.apache.catalina.core.StandardService - Starting service [Tomcat]
2020-05-19 08:37:11.330 [main] INFO  org.apache.catalina.core.StandardEngine - Starting Servlet engine: [Apache Tomcat/9.0.33]
2020-05-19 08:37:11.444 [main] INFO  o.a.c.core.ContainerBase.[Tomcat].[localhost].[/] - Initializing Spring embedded WebApplicationContext
2020-05-19 08:37:11.445 [main] INFO  org.springframework.web.context.ContextLoader - Root WebApplicationContext: initialization completed in 1740 ms
2020-05-19 08:37:11.547 [main] WARN  com.netflix.config.sources.URLConfigurationSource - No URLs will be polled as dynamic configuration sources.
2020-05-19 08:37:11.548 [main] INFO  com.netflix.config.sources.URLConfigurationSource - To enable URLs as dynamic configuration sources, define System property archaius.configurationSource.additionalUrls or make config.properties available on classpath.
2020-05-19 08:37:11.568 [main] INFO  com.netflix.config.DynamicPropertyFactory - DynamicPropertyFactory is initialized with configuration sources: com.netflix.config.ConcurrentCompositeConfiguration@5700c9db
2020-05-19 08:37:12.124 [main] INFO  c.s.j.server.impl.application.WebApplicationImpl - Initiating Jersey application, version 'Jersey: 1.19.1 03/11/2016 02:08 PM'
2020-05-19 08:37:12.222 [main] INFO  c.n.discovery.provider.DiscoveryJerseyProvider - Using JSON encoding codec LegacyJacksonJson
2020-05-19 08:37:12.223 [main] INFO  c.n.discovery.provider.DiscoveryJerseyProvider - Using JSON decoding codec LegacyJacksonJson
2020-05-19 08:37:12.393 [main] INFO  c.n.discovery.provider.DiscoveryJerseyProvider - Using XML encoding codec XStreamXml
2020-05-19 08:37:12.393 [main] INFO  c.n.discovery.provider.DiscoveryJerseyProvider - Using XML decoding codec XStreamXml
2020-05-19 08:37:12.809 [main] WARN  com.netflix.config.sources.URLConfigurationSource - No URLs will be polled as dynamic configuration sources.
2020-05-19 08:37:12.810 [main] INFO  com.netflix.config.sources.URLConfigurationSource - To enable URLs as dynamic configuration sources, define System property archaius.configurationSource.additionalUrls or make config.properties available on classpath.
2020-05-19 08:37:12.978 [main] INFO  o.s.scheduling.concurrent.ThreadPoolTaskExecutor - Initializing ExecutorService 'applicationTaskExecutor'
2020-05-19 08:37:13.403 [main] WARN  o.s.c.l.c.BlockingLoadBalancerClientAutoConfiguration$BlockingLoadBalancerClientRibbonWarnLogger - You already have RibbonLoadBalancerClient on your classpath. It will be used by default. As Spring Cloud Ribbon is in maintenance mode. We recommend switching to BlockingLoadBalancerClient instead. In order to use it, set the value of `spring.cloud.loadbalancer.ribbon.enabled` to `false` or remove spring-cloud-starter-netflix-ribbon from your project.
2020-05-19 08:37:13.471 [main] INFO  o.s.cloud.netflix.eureka.InstanceInfoFactory - Setting initial instance status as: STARTING
2020-05-19 08:37:13.503 [main] INFO  com.netflix.discovery.DiscoveryClient - Initializing Eureka in region us-east-1
2020-05-19 08:37:13.503 [main] INFO  com.netflix.discovery.DiscoveryClient - Client configured to neither register nor query for data.
2020-05-19 08:37:13.513 [main] INFO  com.netflix.discovery.DiscoveryClient - Discovery Client initialized at timestamp 1589848633511 with initial instances count: 0
2020-05-19 08:37:13.550 [main] INFO  com.netflix.eureka.DefaultEurekaServerContext - Initializing ...
2020-05-19 08:37:13.552 [main] WARN  com.netflix.eureka.cluster.PeerEurekaNodes - The replica size seems to be empty. Check the route 53 DNS Registry
2020-05-19 08:37:13.568 [main] INFO  c.netflix.eureka.registry.AbstractInstanceRegistry - Finished initializing remote region registries. All known remote regions: []
2020-05-19 08:37:13.569 [main] INFO  com.netflix.eureka.DefaultEurekaServerContext - Initialized
2020-05-19 08:37:13.580 [main] INFO  o.s.b.actuate.endpoint.web.EndpointLinksResolver - Exposing 2 endpoint(s) beneath base path '/actuator'
2020-05-19 08:37:13.666 [main] INFO  o.s.c.n.e.serviceregistry.EurekaServiceRegistry - Registering application REGISTRATIONCENTER with eureka with status UP
2020-05-19 08:37:13.669 [Thread-21] INFO  o.s.c.netflix.eureka.server.EurekaServerBootstrap - Setting the eureka configuration..
2020-05-19 08:37:13.670 [Thread-21] INFO  o.s.c.netflix.eureka.server.EurekaServerBootstrap - Eureka data center value eureka.datacenter is not set, defaulting to default
2020-05-19 08:37:13.671 [Thread-21] INFO  o.s.c.netflix.eureka.server.EurekaServerBootstrap - Eureka environment value eureka.environment is not set, defaulting to test
2020-05-19 08:37:13.690 [main] INFO  org.apache.coyote.http11.Http11NioProtocol - Starting ProtocolHandler ["http-nio-18000"]
2020-05-19 08:37:13.693 [Thread-21] INFO  o.s.c.netflix.eureka.server.EurekaServerBootstrap - isAws returned false
2020-05-19 08:37:13.696 [Thread-21] INFO  o.s.c.netflix.eureka.server.EurekaServerBootstrap - Initialized server context
2020-05-19 08:37:13.696 [Thread-21] INFO  c.n.eureka.registry.PeerAwareInstanceRegistryImpl - Got 1 instances from neighboring DS node
2020-05-19 08:37:13.696 [Thread-21] INFO  c.n.eureka.registry.PeerAwareInstanceRegistryImpl - Renew threshold is: 1
2020-05-19 08:37:13.697 [Thread-21] INFO  c.n.eureka.registry.PeerAwareInstanceRegistryImpl - Changing status to UP
2020-05-19 08:37:13.707 [Thread-21] INFO  o.s.c.n.e.s.EurekaServerInitializerConfiguration - Started Eureka Server
2020-05-19 08:37:13.745 [main] INFO  o.s.boot.web.embedded.tomcat.TomcatWebServer - Tomcat started on port(s): 18000 (http) with context path ''
2020-05-19 08:37:13.746 [main] INFO  o.s.c.n.e.s.EurekaAutoServiceRegistration - Updating port to 18000
2020-05-19 08:37:13.753 [main] INFO  com.lucky.eureka.RegistrationCenterApplication - Started RegistrationCenterApplication in 5.292 seconds (JVM running for 7.088)
2020-05-19 08:37:13.855 [RMI TCP Connection(3)-192.168.8.236] INFO  o.a.c.core.ContainerBase.[Tomcat].[localhost].[/] - Initializing Spring DispatcherServlet 'dispatcherServlet'
2020-05-19 08:37:13.855 [RMI TCP Connection(3)-192.168.8.236] INFO  org.springframework.web.servlet.DispatcherServlet - Initializing Servlet 'dispatcherServlet'
2020-05-19 08:37:13.861 [RMI TCP Connection(3)-192.168.8.236] INFO  org.springframework.web.servlet.DispatcherServlet - Completed initialization in 6 ms
2020-05-19 08:37:15.698 [Eureka-EvictionTimer] INFO  c.netflix.eureka.registry.AbstractInstanceRegistry - Running the evict task with compensationTime 0ms
2020-05-19 08:37:17.700 [Eureka-EvictionTimer] INFO  c.netflix.eureka.registry.AbstractInstanceRegistry - Running the evict task with compensationTime 1ms
2020-05-19 08:37:19.699 [Eureka-EvictionTimer] INFO  c.netflix.eureka.registry.AbstractInstanceRegistry - Running the evict task with compensationTime 0ms
2020-05-19 08:37:21.699 [Eureka-EvictionTimer] INFO  c.netflix.eureka.registry.AbstractInstanceRegistry - Running the evict task with compensationTime 0ms
2020-05-19 08:37:23.700 [Eureka-EvictionTimer] INFO  c.netflix.eureka.registry.AbstractInstanceRegistry - Running the evict task with compensationTime 0ms
2020-05-19 08:37:25.701 [Eureka-EvictionTimer] INFO  c.netflix.eureka.registry.AbstractInstanceRegistry - Running the evict task with compensationTime 0ms
2020-05-19 08:37:27.701 [Eureka-EvictionTimer] INFO  c.netflix.eureka.registry.AbstractInstanceRegistry - Running the evict task with compensationTime 0ms
2020-05-19 08:37:29.702 [Eureka-EvictionTimer] INFO  c.netflix.eureka.registry.AbstractInstanceRegistry - Running the evict task with compensationTime 0ms
2020-05-19 08:37:31.707 [Eureka-EvictionTimer] INFO  c.netflix.eureka.registry.AbstractInstanceRegistry - Running the evict task with compensationTime 4ms
2020-05-19 08:37:33.708 [Eureka-EvictionTimer] INFO  c.netflix.eureka.registry.AbstractInstanceRegistry - Running the evict task with compensationTime 1ms
2020-05-19 08:37:35.711 [Eureka-EvictionTimer] INFO  c.netflix.eureka.registry.AbstractInstanceRegistry - Running the evict task with compensationTime 3ms
2020-05-19 08:37:37.711 [Eureka-EvictionTimer] INFO  c.netflix.eureka.registry.AbstractInstanceRegistry - Running the evict task with compensationTime 0ms
2020-05-19 08:37:39.713 [Eureka-EvictionTimer] INFO  c.netflix.eureka.registry.AbstractInstanceRegistry - Running the evict task with compensationTime 2ms
2020-05-19 08:37:41.713 [Eureka-EvictionTimer] INFO  c.netflix.eureka.registry.AbstractInstanceRegistry - Running the evict task with compensationTime 0ms
2020-05-19 08:37:43.713 [Eureka-EvictionTimer] INFO  c.netflix.eureka.registry.AbstractInstanceRegistry - Running the evict task with compensationTime 0ms
2020-05-19 08:37:45.715 [Eureka-EvictionTimer] INFO  c.netflix.eureka.registry.AbstractInstanceRegistry - Running the evict task with compensationTime 1ms
2020-05-19 08:37:47.717 [Eureka-EvictionTimer] INFO  c.netflix.eureka.registry.AbstractInstanceRegistry - Running the evict task with compensationTime 2ms
2020-05-19 08:37:49.722 [Eureka-EvictionTimer] INFO  c.netflix.eureka.registry.AbstractInstanceRegistry - Running the evict task with compensationTime 4ms
2020-05-19 08:37:51.723 [Eureka-EvictionTimer] INFO  c.netflix.eureka.registry.AbstractInstanceRegistry - Running the evict task with compensationTime 0ms
2020-05-19 08:37:53.727 [Eureka-EvictionTimer] INFO  c.netflix.eureka.registry.AbstractInstanceRegistry - Running the evict task with compensationTime 4ms
2020-05-19 08:37:55.730 [Eureka-EvictionTimer] INFO  c.netflix.eureka.registry.AbstractInstanceRegistry - Running the evict task with compensationTime 2ms
2020-05-19 08:37:57.735 [Eureka-EvictionTimer] INFO  c.netflix.eureka.registry.AbstractInstanceRegistry - Running the evict task with compensationTime 4ms
2020-05-19 08:37:59.740 [Eureka-EvictionTimer] INFO  c.netflix.eureka.registry.AbstractInstanceRegistry - Running the evict task with compensationTime 5ms
2020-05-19 08:38:01.745 [Eureka-EvictionTimer] INFO  c.netflix.eureka.registry.AbstractInstanceRegistry - Running the evict task with compensationTime 4ms
2020-05-19 08:38:03.749 [Eureka-EvictionTimer] INFO  c.netflix.eureka.registry.AbstractInstanceRegistry - Running the evict task with compensationTime 4ms
2020-05-19 08:38:05.753 [Eureka-EvictionTimer] INFO  c.netflix.eureka.registry.AbstractInstanceRegistry - Running the evict task with compensationTime 3ms
2020-05-19 08:38:07.754 [Eureka-EvictionTimer] INFO  c.netflix.eureka.registry.AbstractInstanceRegistry - Running the evict task with compensationTime 0ms
2020-05-19 08:38:09.757 [Eureka-EvictionTimer] INFO  c.netflix.eureka.registry.AbstractInstanceRegistry - Running the evict task with compensationTime 2ms
2020-05-19 08:38:11.761 [Eureka-EvictionTimer] INFO  c.netflix.eureka.registry.AbstractInstanceRegistry - Running the evict task with compensationTime 4ms
2020-05-19 08:38:13.765 [Eureka-EvictionTimer] INFO  c.netflix.eureka.registry.AbstractInstanceRegistry - Running the evict task with compensationTime 3ms
2020-05-19 08:38:15.766 [Eureka-EvictionTimer] INFO  c.netflix.eureka.registry.AbstractInstanceRegistry - Running the evict task with compensationTime 1ms
2020-05-19 08:38:17.771 [Eureka-EvictionTimer] INFO  c.netflix.eureka.registry.AbstractInstanceRegistry - Running the evict task with compensationTime 4ms
2020-05-19 08:38:19.772 [Eureka-EvictionTimer] INFO  c.netflix.eureka.registry.AbstractInstanceRegistry - Running the evict task with compensationTime 1ms
2020-05-19 08:38:21.773 [Eureka-EvictionTimer] INFO  c.netflix.eureka.registry.AbstractInstanceRegistry - Running the evict task with compensationTime 1ms
2020-05-19 08:38:23.773 [Eureka-EvictionTimer] INFO  c.netflix.eureka.registry.AbstractInstanceRegistry - Running the evict task with compensationTime 0ms
2020-05-19 08:38:25.774 [Eureka-EvictionTimer] INFO  c.netflix.eureka.registry.AbstractInstanceRegistry - Running the evict task with compensationTime 0ms
2020-05-19 08:38:27.778 [Eureka-EvictionTimer] INFO  c.netflix.eureka.registry.AbstractInstanceRegistry - Running the evict task with compensationTime 4ms
2020-05-19 08:38:29.779 [Eureka-EvictionTimer] INFO  c.netflix.eureka.registry.AbstractInstanceRegistry - Running the evict task with compensationTime 0ms
2020-05-19 08:38:31.780 [Eureka-EvictionTimer] INFO  c.netflix.eureka.registry.AbstractInstanceRegistry - Running the evict task with compensationTime 0ms
2020-05-19 08:38:33.785 [Eureka-EvictionTimer] INFO  c.netflix.eureka.registry.AbstractInstanceRegistry - Running the evict task with compensationTime 5ms
2020-05-19 08:38:35.785 [Eureka-EvictionTimer] INFO  c.netflix.eureka.registry.AbstractInstanceRegistry - Running the evict task with compensationTime 0ms
2020-05-19 08:38:37.786 [Eureka-EvictionTimer] INFO  c.netflix.eureka.registry.AbstractInstanceRegistry - Running the evict task with compensationTime 0ms
2020-05-19 08:38:39.790 [Eureka-EvictionTimer] INFO  c.netflix.eureka.registry.AbstractInstanceRegistry - Running the evict task with compensationTime 4ms
2020-05-19 08:38:41.794 [Eureka-EvictionTimer] INFO  c.netflix.eureka.registry.AbstractInstanceRegistry - Running the evict task with compensationTime 4ms
2020-05-19 08:38:43.798 [Eureka-EvictionTimer] INFO  c.netflix.eureka.registry.AbstractInstanceRegistry - Running the evict task with compensationTime 3ms
2020-05-19 08:38:45.801 [Eureka-EvictionTimer] INFO  c.netflix.eureka.registry.AbstractInstanceRegistry - Running the evict task with compensationTime 3ms
2020-05-19 08:38:47.801 [Eureka-EvictionTimer] INFO  c.netflix.eureka.registry.AbstractInstanceRegistry - Running the evict task with compensationTime 0ms
2020-05-19 08:38:49.803 [Eureka-EvictionTimer] INFO  c.netflix.eureka.registry.AbstractInstanceRegistry - Running the evict task with compensationTime 1ms
2020-05-19 08:38:51.808 [Eureka-EvictionTimer] INFO  c.netflix.eureka.registry.AbstractInstanceRegistry - Running the evict task with compensationTime 4ms
2020-05-19 08:38:53.811 [Eureka-EvictionTimer] INFO  c.netflix.eureka.registry.AbstractInstanceRegistry - Running the evict task with compensationTime 3ms
2020-05-19 08:38:55.812 [Eureka-EvictionTimer] INFO  c.netflix.eureka.registry.AbstractInstanceRegistry - Running the evict task with compensationTime 0ms
2020-05-19 08:38:57.813 [Eureka-EvictionTimer] INFO  c.netflix.eureka.registry.AbstractInstanceRegistry - Running the evict task with compensationTime 1ms
2020-05-19 08:38:59.813 [Eureka-EvictionTimer] INFO  c.netflix.eureka.registry.AbstractInstanceRegistry - Running the evict task with compensationTime 0ms
2020-05-19 08:39:01.817 [Eureka-EvictionTimer] INFO  c.netflix.eureka.registry.AbstractInstanceRegistry - Running the evict task with compensationTime 3ms
2020-05-19 08:39:03.817 [Eureka-EvictionTimer] INFO  c.netflix.eureka.registry.AbstractInstanceRegistry - Running the evict task with compensationTime 0ms
2020-05-19 08:39:05.819 [Eureka-EvictionTimer] INFO  c.netflix.eureka.registry.AbstractInstanceRegistry - Running the evict task with compensationTime 2ms
2020-05-19 08:39:07.820 [Eureka-EvictionTimer] INFO  c.netflix.eureka.registry.AbstractInstanceRegistry - Running the evict task with compensationTime 0ms
2020-05-19 08:39:09.821 [Eureka-EvictionTimer] INFO  c.netflix.eureka.registry.AbstractInstanceRegistry - Running the evict task with compensationTime 1ms
2020-05-19 08:39:11.821 [Eureka-EvictionTimer] INFO  c.netflix.eureka.registry.AbstractInstanceRegistry - Running the evict task with compensationTime 0ms
2020-05-19 08:39:13.825 [Eureka-EvictionTimer] INFO  c.netflix.eureka.registry.AbstractInstanceRegistry - Running the evict task with compensationTime 3ms
2020-05-19 08:39:15.826 [Eureka-EvictionTimer] INFO  c.netflix.eureka.registry.AbstractInstanceRegistry - Running the evict task with compensationTime 1ms
2020-05-19 08:39:17.828 [Eureka-EvictionTimer] INFO  c.netflix.eureka.registry.AbstractInstanceRegistry - Running the evict task with compensationTime 1ms
2020-05-19 08:39:19.831 [Eureka-EvictionTimer] INFO  c.netflix.eureka.registry.AbstractInstanceRegistry - Running the evict task with compensationTime 3ms
2020-05-19 08:39:21.834 [Eureka-EvictionTimer] INFO  c.netflix.eureka.registry.AbstractInstanceRegistry - Running the evict task with compensationTime 2ms
2020-05-19 08:39:23.836 [Eureka-EvictionTimer] INFO  c.netflix.eureka.registry.AbstractInstanceRegistry - Running the evict task with compensationTime 2ms
2020-05-19 08:39:25.838 [Eureka-EvictionTimer] INFO  c.netflix.eureka.registry.AbstractInstanceRegistry - Running the evict task with compensationTime 1ms
2020-05-19 08:39:27.840 [Eureka-EvictionTimer] INFO  c.netflix.eureka.registry.AbstractInstanceRegistry - Running the evict task with compensationTime 1ms
2020-05-19 08:39:29.843 [Eureka-EvictionTimer] INFO  c.netflix.eureka.registry.AbstractInstanceRegistry - Running the evict task with compensationTime 3ms
2020-05-19 08:39:31.845 [Eureka-EvictionTimer] INFO  c.netflix.eureka.registry.AbstractInstanceRegistry - Running the evict task with compensationTime 2ms
2020-05-19 08:39:33.846 [Eureka-EvictionTimer] INFO  c.netflix.eureka.registry.AbstractInstanceRegistry - Running the evict task with compensationTime 0ms
2020-05-19 08:39:35.850 [Eureka-EvictionTimer] INFO  c.netflix.eureka.registry.AbstractInstanceRegistry - Running the evict task with compensationTime 4ms
2020-05-19 08:39:37.851 [Eureka-EvictionTimer] INFO  c.netflix.eureka.registry.AbstractInstanceRegistry - Running the evict task with compensationTime 1ms
2020-05-19 08:39:39.854 [Eureka-EvictionTimer] INFO  c.netflix.eureka.registry.AbstractInstanceRegistry - Running the evict task with compensationTime 2ms
2020-05-19 08:39:41.857 [Eureka-EvictionTimer] INFO  c.netflix.eureka.registry.AbstractInstanceRegistry - Running the evict task with compensationTime 2ms
2020-05-19 08:39:43.861 [Eureka-EvictionTimer] INFO  c.netflix.eureka.registry.AbstractInstanceRegistry - Running the evict task with compensationTime 4ms
2020-05-19 08:39:45.861 [Eureka-EvictionTimer] INFO  c.netflix.eureka.registry.AbstractInstanceRegistry - Running the evict task with compensationTime 0ms
2020-05-19 08:39:47.861 [Eureka-EvictionTimer] INFO  c.netflix.eureka.registry.AbstractInstanceRegistry - Running the evict task with compensationTime 0ms
2020-05-19 08:39:49.861 [Eureka-EvictionTimer] INFO  c.netflix.eureka.registry.AbstractInstanceRegistry - Running the evict task with compensationTime 0ms
2020-05-19 08:39:51.862 [Eureka-EvictionTimer] INFO  c.netflix.eureka.registry.AbstractInstanceRegistry - Running the evict task with compensationTime 0ms
2020-05-19 08:39:53.867 [Eureka-EvictionTimer] INFO  c.netflix.eureka.registry.AbstractInstanceRegistry - Running the evict task with compensationTime 4ms
2020-05-19 08:39:55.872 [Eureka-EvictionTimer] INFO  c.netflix.eureka.registry.AbstractInstanceRegistry - Running the evict task with compensationTime 5ms
2020-05-19 08:39:57.875 [Eureka-EvictionTimer] INFO  c.netflix.eureka.registry.AbstractInstanceRegistry - Running the evict task with compensationTime 3ms
2020-05-19 08:39:59.877 [Eureka-EvictionTimer] INFO  c.netflix.eureka.registry.AbstractInstanceRegistry - Running the evict task with compensationTime 1ms
2020-05-19 08:40:01.881 [Eureka-EvictionTimer] INFO  c.netflix.eureka.registry.AbstractInstanceRegistry - Running the evict task with compensationTime 3ms
2020-05-19 08:40:03.885 [Eureka-EvictionTimer] INFO  c.netflix.eureka.registry.AbstractInstanceRegistry - Running the evict task with compensationTime 3ms
2020-05-19 08:40:05.885 [Eureka-EvictionTimer] INFO  c.netflix.eureka.registry.AbstractInstanceRegistry - Running the evict task with compensationTime 0ms
2020-05-19 08:40:07.885 [Eureka-EvictionTimer] INFO  c.netflix.eureka.registry.AbstractInstanceRegistry - Running the evict task with compensationTime 0ms
2020-05-19 08:40:09.889 [Eureka-EvictionTimer] INFO  c.netflix.eureka.registry.AbstractInstanceRegistry - Running the evict task with compensationTime 3ms
2020-05-19 08:40:11.889 [Eureka-EvictionTimer] INFO  c.netflix.eureka.registry.AbstractInstanceRegistry - Running the evict task with compensationTime 0ms
2020-05-19 08:40:13.889 [Eureka-EvictionTimer] INFO  c.netflix.eureka.registry.AbstractInstanceRegistry - Running the evict task with compensationTime 0ms
2020-05-19 08:40:15.891 [Eureka-EvictionTimer] INFO  c.netflix.eureka.registry.AbstractInstanceRegistry - Running the evict task with compensationTime 2ms
2020-05-19 08:40:17.895 [Eureka-EvictionTimer] INFO  c.netflix.eureka.registry.AbstractInstanceRegistry - Running the evict task with compensationTime 3ms
2020-05-19 08:40:19.897 [Eureka-EvictionTimer] INFO  c.netflix.eureka.registry.AbstractInstanceRegistry - Running the evict task with compensationTime 2ms
2020-05-19 08:40:21.900 [Eureka-EvictionTimer] INFO  c.netflix.eureka.registry.AbstractInstanceRegistry - Running the evict task with compensationTime 2ms
2020-05-19 08:40:23.901 [Eureka-EvictionTimer] INFO  c.netflix.eureka.registry.AbstractInstanceRegistry - Running the evict task with compensationTime 0ms
2020-05-19 08:40:25.902 [Eureka-EvictionTimer] INFO  c.netflix.eureka.registry.AbstractInstanceRegistry - Running the evict task with compensationTime 0ms
2020-05-19 08:40:27.903 [Eureka-EvictionTimer] INFO  c.netflix.eureka.registry.AbstractInstanceRegistry - Running the evict task with compensationTime 1ms
2020-05-19 08:40:29.907 [Eureka-EvictionTimer] INFO  c.netflix.eureka.registry.AbstractInstanceRegistry - Running the evict task with compensationTime 4ms
2020-05-19 08:40:31.910 [Eureka-EvictionTimer] INFO  c.netflix.eureka.registry.AbstractInstanceRegistry - Running the evict task with compensationTime 3ms
2020-05-19 08:40:33.910 [Eureka-EvictionTimer] INFO  c.netflix.eureka.registry.AbstractInstanceRegistry - Running the evict task with compensationTime 0ms
2020-05-19 08:40:35.915 [Eureka-EvictionTimer] INFO  c.netflix.eureka.registry.AbstractInstanceRegistry - Running the evict task with compensationTime 4ms
2020-05-19 08:40:37.916 [Eureka-EvictionTimer] INFO  c.netflix.eureka.registry.AbstractInstanceRegistry - Running the evict task with compensationTime 0ms
2020-05-19 08:40:39.921 [Eureka-EvictionTimer] INFO  c.netflix.eureka.registry.AbstractInstanceRegistry - Running the evict task with compensationTime 5ms
2020-05-19 08:40:41.921 [Eureka-EvictionTimer] INFO  c.netflix.eureka.registry.AbstractInstanceRegistry - Running the evict task with compensationTime 0ms
2020-05-19 08:40:43.922 [Eureka-EvictionTimer] INFO  c.netflix.eureka.registry.AbstractInstanceRegistry - Running the evict task with compensationTime 0ms
2020-05-19 08:40:45.925 [Eureka-EvictionTimer] INFO  c.netflix.eureka.registry.AbstractInstanceRegistry - Running the evict task with compensationTime 3ms
2020-05-19 08:40:47.931 [Eureka-EvictionTimer] INFO  c.netflix.eureka.registry.AbstractInstanceRegistry - Running the evict task with compensationTime 5ms
2020-05-19 08:40:49.934 [Eureka-EvictionTimer] INFO  c.netflix.eureka.registry.AbstractInstanceRegistry - Running the evict task with compensationTime 3ms
2020-05-19 08:40:51.935 [Eureka-EvictionTimer] INFO  c.netflix.eureka.registry.AbstractInstanceRegistry - Running the evict task with compensationTime 0ms
2020-05-19 08:40:53.937 [Eureka-EvictionTimer] INFO  c.netflix.eureka.registry.AbstractInstanceRegistry - Running the evict task with compensationTime 2ms
2020-05-19 08:40:55.942 [Eureka-EvictionTimer] INFO  c.netflix.eureka.registry.AbstractInstanceRegistry - Running the evict task with compensationTime 5ms
2020-05-19 08:40:57.945 [Eureka-EvictionTimer] INFO  c.netflix.eureka.registry.AbstractInstanceRegistry - Running the evict task with compensationTime 2ms
2020-05-19 08:40:59.950 [Eureka-EvictionTimer] INFO  c.netflix.eureka.registry.AbstractInstanceRegistry - Running the evict task with compensationTime 5ms
2020-05-19 08:41:01.950 [Eureka-EvictionTimer] INFO  c.netflix.eureka.registry.AbstractInstanceRegistry - Running the evict task with compensationTime 0ms
2020-05-19 08:41:03.952 [Eureka-EvictionTimer] INFO  c.netflix.eureka.registry.AbstractInstanceRegistry - Running the evict task with compensationTime 2ms
2020-05-19 08:41:05.954 [Eureka-EvictionTimer] INFO  c.netflix.eureka.registry.AbstractInstanceRegistry - Running the evict task with compensationTime 1ms
2020-05-19 08:41:07.957 [Eureka-EvictionTimer] INFO  c.netflix.eureka.registry.AbstractInstanceRegistry - Running the evict task with compensationTime 3ms
2020-05-19 08:41:09.961 [Eureka-EvictionTimer] INFO  c.netflix.eureka.registry.AbstractInstanceRegistry - Running the evict task with compensationTime 3ms
2020-05-19 08:41:11.965 [Eureka-EvictionTimer] INFO  c.netflix.eureka.registry.AbstractInstanceRegistry - Running the evict task with compensationTime 4ms
2020-05-19 08:41:13.970 [Eureka-EvictionTimer] INFO  c.netflix.eureka.registry.AbstractInstanceRegistry - Running the evict task with compensationTime 4ms
2020-05-19 08:41:15.971 [Eureka-EvictionTimer] INFO  c.netflix.eureka.registry.AbstractInstanceRegistry - Running the evict task with compensationTime 0ms
2020-05-19 08:41:17.972 [Eureka-EvictionTimer] INFO  c.netflix.eureka.registry.AbstractInstanceRegistry - Running the evict task with compensationTime 1ms
2020-05-19 08:41:19.977 [Eureka-EvictionTimer] INFO  c.netflix.eureka.registry.AbstractInstanceRegistry - Running the evict task with compensationTime 5ms
2020-05-19 08:41:21.980 [Eureka-EvictionTimer] INFO  c.netflix.eureka.registry.AbstractInstanceRegistry - Running the evict task with compensationTime 2ms
2020-05-19 08:41:23.980 [Eureka-EvictionTimer] INFO  c.netflix.eureka.registry.AbstractInstanceRegistry - Running the evict task with compensationTime 0ms
2020-05-19 08:41:25.984 [Eureka-EvictionTimer] INFO  c.netflix.eureka.registry.AbstractInstanceRegistry - Running the evict task with compensationTime 3ms
2020-05-19 08:41:27.985 [Eureka-EvictionTimer] INFO  c.netflix.eureka.registry.AbstractInstanceRegistry - Running the evict task with compensationTime 1ms
2020-05-19 08:41:29.985 [Eureka-EvictionTimer] INFO  c.netflix.eureka.registry.AbstractInstanceRegistry - Running the evict task with compensationTime 0ms
2020-05-19 08:41:31.985 [Eureka-EvictionTimer] INFO  c.netflix.eureka.registry.AbstractInstanceRegistry - Running the evict task with compensationTime 0ms
2020-05-19 08:41:33.987 [Eureka-EvictionTimer] INFO  c.netflix.eureka.registry.AbstractInstanceRegistry - Running the evict task with compensationTime 1ms
2020-05-19 08:41:35.988 [Eureka-EvictionTimer] INFO  c.netflix.eureka.registry.AbstractInstanceRegistry - Running the evict task with compensationTime 1ms
2020-05-19 08:41:37.989 [Eureka-EvictionTimer] INFO  c.netflix.eureka.registry.AbstractInstanceRegistry - Running the evict task with compensationTime 0ms
2020-05-19 08:41:39.993 [Eureka-EvictionTimer] INFO  c.netflix.eureka.registry.AbstractInstanceRegistry - Running the evict task with compensationTime 4ms
2020-05-19 08:41:41.996 [Eureka-EvictionTimer] INFO  c.netflix.eureka.registry.AbstractInstanceRegistry - Running the evict task with compensationTime 2ms
2020-05-19 08:41:43.997 [Eureka-EvictionTimer] INFO  c.netflix.eureka.registry.AbstractInstanceRegistry - Running the evict task with compensationTime 0ms
2020-05-19 08:41:45.997 [Eureka-EvictionTimer] INFO  c.netflix.eureka.registry.AbstractInstanceRegistry - Running the evict task with compensationTime 0ms
2020-05-19 08:41:48.000 [Eureka-EvictionTimer] INFO  c.netflix.eureka.registry.AbstractInstanceRegistry - Running the evict task with compensationTime 2ms
2020-05-19 08:41:50.001 [Eureka-EvictionTimer] INFO  c.netflix.eureka.registry.AbstractInstanceRegistry - Running the evict task with compensationTime 0ms
2020-05-19 08:41:52.001 [Eureka-EvictionTimer] INFO  c.netflix.eureka.registry.AbstractInstanceRegistry - Running the evict task with compensationTime 0ms
2020-05-19 08:41:54.001 [Eureka-EvictionTimer] INFO  c.netflix.eureka.registry.AbstractInstanceRegistry - Running the evict task with compensationTime 0ms
2020-05-19 08:41:56.005 [Eureka-EvictionTimer] INFO  c.netflix.eureka.registry.AbstractInstanceRegistry - Running the evict task with compensationTime 4ms
2020-05-19 08:41:58.008 [Eureka-EvictionTimer] INFO  c.netflix.eureka.registry.AbstractInstanceRegistry - Running the evict task with compensationTime 2ms
2020-05-19 08:42:00.011 [Eureka-EvictionTimer] INFO  c.netflix.eureka.registry.AbstractInstanceRegistry - Running the evict task with compensationTime 3ms
2020-05-19 08:42:02.016 [Eureka-EvictionTimer] INFO  c.netflix.eureka.registry.AbstractInstanceRegistry - Running the evict task with compensationTime 4ms
2020-05-19 08:42:04.018 [Eureka-EvictionTimer] INFO  c.netflix.eureka.registry.AbstractInstanceRegistry - Running the evict task with compensationTime 2ms
2020-05-19 08:42:06.021 [Eureka-EvictionTimer] INFO  c.netflix.eureka.registry.AbstractInstanceRegistry - Running the evict task with compensationTime 3ms
2020-05-19 08:42:08.027 [Eureka-EvictionTimer] INFO  c.netflix.eureka.registry.AbstractInstanceRegistry - Running the evict task with compensationTime 5ms
2020-05-19 08:42:10.032 [Eureka-EvictionTimer] INFO  c.netflix.eureka.registry.AbstractInstanceRegistry - Running the evict task with compensationTime 4ms
2020-05-19 08:42:12.036 [Eureka-EvictionTimer] INFO  c.netflix.eureka.registry.AbstractInstanceRegistry - Running the evict task with compensationTime 4ms
2020-05-19 08:42:14.036 [Eureka-EvictionTimer] INFO  c.netflix.eureka.registry.AbstractInstanceRegistry - Running the evict task with compensationTime 0ms
2020-05-19 08:42:16.038 [Eureka-EvictionTimer] INFO  c.netflix.eureka.registry.AbstractInstanceRegistry - Running the evict task with compensationTime 1ms
2020-05-19 08:42:18.044 [Eureka-EvictionTimer] INFO  c.netflix.eureka.registry.AbstractInstanceRegistry - Running the evict task with compensationTime 5ms
2020-05-19 08:42:20.045 [Eureka-EvictionTimer] INFO  c.netflix.eureka.registry.AbstractInstanceRegistry - Running the evict task with compensationTime 0ms
2020-05-19 08:42:22.044 [Eureka-EvictionTimer] INFO  c.netflix.eureka.registry.AbstractInstanceRegistry - Running the evict task with compensationTime 0ms
2020-05-19 08:42:24.045 [Eureka-EvictionTimer] INFO  c.netflix.eureka.registry.AbstractInstanceRegistry - Running the evict task with compensationTime 0ms
2020-05-19 08:42:26.045 [Eureka-EvictionTimer] INFO  c.netflix.eureka.registry.AbstractInstanceRegistry - Running the evict task with compensationTime 0ms
2020-05-19 08:42:28.045 [Eureka-EvictionTimer] INFO  c.netflix.eureka.registry.AbstractInstanceRegistry - Running the evict task with compensationTime 0ms
2020-05-19 08:42:30.047 [Eureka-EvictionTimer] INFO  c.netflix.eureka.registry.AbstractInstanceRegistry - Running the evict task with compensationTime 2ms
2020-05-19 08:42:32.048 [Eureka-EvictionTimer] INFO  c.netflix.eureka.registry.AbstractInstanceRegistry - Running the evict task with compensationTime 1ms
2020-05-19 08:42:34.190 [Eureka-EvictionTimer] INFO  c.netflix.eureka.registry.AbstractInstanceRegistry - Running the evict task with compensationTime 2ms
2020-05-19 08:42:36.192 [Eureka-EvictionTimer] INFO  c.netflix.eureka.registry.AbstractInstanceRegistry - Running the evict task with compensationTime 1ms
2020-05-19 08:42:38.197 [Eureka-EvictionTimer] INFO  c.netflix.eureka.registry.AbstractInstanceRegistry - Running the evict task with compensationTime 5ms
2020-05-19 08:42:40.199 [Eureka-EvictionTimer] INFO  c.netflix.eureka.registry.AbstractInstanceRegistry - Running the evict task with compensationTime 2ms
2020-05-19 08:42:42.201 [Eureka-EvictionTimer] INFO  c.netflix.eureka.registry.AbstractInstanceRegistry - Running the evict task with compensationTime 1ms
2020-05-19 08:42:44.204 [Eureka-EvictionTimer] INFO  c.netflix.eureka.registry.AbstractInstanceRegistry - Running the evict task with compensationTime 3ms
2020-05-19 08:42:46.206 [Eureka-EvictionTimer] INFO  c.netflix.eureka.registry.AbstractInstanceRegistry - Running the evict task with compensationTime 2ms
2020-05-19 08:42:48.207 [Eureka-EvictionTimer] INFO  c.netflix.eureka.registry.AbstractInstanceRegistry - Running the evict task with compensationTime 1ms
2020-05-19 08:42:50.208 [Eureka-EvictionTimer] INFO  c.netflix.eureka.registry.AbstractInstanceRegistry - Running the evict task with compensationTime 0ms
2020-05-19 08:42:52.209 [Eureka-EvictionTimer] INFO  c.netflix.eureka.registry.AbstractInstanceRegistry - Running the evict task with compensationTime 1ms
2020-05-19 08:42:54.212 [Eureka-EvictionTimer] INFO  c.netflix.eureka.registry.AbstractInstanceRegistry - Running the evict task with compensationTime 3ms
2020-05-19 08:42:56.216 [Eureka-EvictionTimer] INFO  c.netflix.eureka.registry.AbstractInstanceRegistry - Running the evict task with compensationTime 4ms
2020-05-19 08:42:58.220 [Eureka-EvictionTimer] INFO  c.netflix.eureka.registry.AbstractInstanceRegistry - Running the evict task with compensationTime 3ms
2020-05-19 08:43:00.221 [Eureka-EvictionTimer] INFO  c.netflix.eureka.registry.AbstractInstanceRegistry - Running the evict task with compensationTime 0ms
2020-05-19 08:43:02.224 [Eureka-EvictionTimer] INFO  c.netflix.eureka.registry.AbstractInstanceRegistry - Running the evict task with compensationTime 3ms
2020-05-19 08:43:04.229 [Eureka-EvictionTimer] INFO  c.netflix.eureka.registry.AbstractInstanceRegistry - Running the evict task with compensationTime 4ms
2020-05-19 08:43:06.234 [Eureka-EvictionTimer] INFO  c.netflix.eureka.registry.AbstractInstanceRegistry - Running the evict task with compensationTime 5ms
2020-05-19 08:43:08.243 [Eureka-EvictionTimer] INFO  c.netflix.eureka.registry.AbstractInstanceRegistry - Running the evict task with compensationTime 0ms
2020-05-19 08:43:10.240 [Eureka-EvictionTimer] INFO  c.netflix.eureka.registry.AbstractInstanceRegistry - Running the evict task with compensationTime 5ms
2020-05-19 08:43:12.240 [Eureka-EvictionTimer] INFO  c.netflix.eureka.registry.AbstractInstanceRegistry - Running the evict task with compensationTime 0ms
2020-05-19 08:43:14.241 [Eureka-EvictionTimer] INFO  c.netflix.eureka.registry.AbstractInstanceRegistry - Running the evict task with compensationTime 0ms
2020-05-19 08:43:16.244 [Eureka-EvictionTimer] INFO  c.netflix.eureka.registry.AbstractInstanceRegistry - Running the evict task with compensationTime 3ms
2020-05-19 08:43:18.247 [Eureka-EvictionTimer] INFO  c.netflix.eureka.registry.AbstractInstanceRegistry - Running the evict task with compensationTime 2ms
2020-05-19 08:43:20.250 [Eureka-EvictionTimer] INFO  c.netflix.eureka.registry.AbstractInstanceRegistry - Running the evict task with compensationTime 3ms
2020-05-19 08:43:22.251 [Eureka-EvictionTimer] INFO  c.netflix.eureka.registry.AbstractInstanceRegistry - Running the evict task with compensationTime 0ms
2020-05-19 08:43:24.252 [Eureka-EvictionTimer] INFO  c.netflix.eureka.registry.AbstractInstanceRegistry - Running the evict task with compensationTime 1ms
2020-05-19 08:43:26.253 [Eureka-EvictionTimer] INFO  c.netflix.eureka.registry.AbstractInstanceRegistry - Running the evict task with compensationTime 1ms
2020-05-19 08:43:28.255 [Eureka-EvictionTimer] INFO  c.netflix.eureka.registry.AbstractInstanceRegistry - Running the evict task with compensationTime 1ms
2020-05-19 08:43:30.256 [Eureka-EvictionTimer] INFO  c.netflix.eureka.registry.AbstractInstanceRegistry - Running the evict task with compensationTime 1ms
2020-05-19 08:43:32.261 [Eureka-EvictionTimer] INFO  c.netflix.eureka.registry.AbstractInstanceRegistry - Running the evict task with compensationTime 5ms
2020-05-19 08:43:34.266 [Eureka-EvictionTimer] INFO  c.netflix.eureka.registry.AbstractInstanceRegistry - Running the evict task with compensationTime 4ms
2020-05-19 08:43:36.270 [Eureka-EvictionTimer] INFO  c.netflix.eureka.registry.AbstractInstanceRegistry - Running the evict task with compensationTime 3ms
2020-05-19 08:43:38.274 [Eureka-EvictionTimer] INFO  c.netflix.eureka.registry.AbstractInstanceRegistry - Running the evict task with compensationTime 3ms
2020-05-19 08:43:40.274 [Eureka-EvictionTimer] INFO  c.netflix.eureka.registry.AbstractInstanceRegistry - Running the evict task with compensationTime 0ms
2020-05-19 08:43:42.274 [Eureka-EvictionTimer] INFO  c.netflix.eureka.registry.AbstractInstanceRegistry - Running the evict task with compensationTime 0ms
2020-05-19 08:43:44.275 [Eureka-EvictionTimer] INFO  c.netflix.eureka.registry.AbstractInstanceRegistry - Running the evict task with compensationTime 1ms
2020-05-19 08:43:46.277 [Eureka-EvictionTimer] INFO  c.netflix.eureka.registry.AbstractInstanceRegistry - Running the evict task with compensationTime 1ms
2020-05-19 08:43:48.276 [Eureka-EvictionTimer] INFO  c.netflix.eureka.registry.AbstractInstanceRegistry - Running the evict task with compensationTime 0ms
2020-05-19 08:43:50.276 [Eureka-EvictionTimer] INFO  c.netflix.eureka.registry.AbstractInstanceRegistry - Running the evict task with compensationTime 0ms
2020-05-19 08:43:52.277 [Eureka-EvictionTimer] INFO  c.netflix.eureka.registry.AbstractInstanceRegistry - Running the evict task with compensationTime 1ms
2020-05-19 08:43:54.282 [Eureka-EvictionTimer] INFO  c.netflix.eureka.registry.AbstractInstanceRegistry - Running the evict task with compensationTime 4ms
2020-05-19 08:43:56.284 [Eureka-EvictionTimer] INFO  c.netflix.eureka.registry.AbstractInstanceRegistry - Running the evict task with compensationTime 1ms
2020-05-19 08:43:58.287 [Eureka-EvictionTimer] INFO  c.netflix.eureka.registry.AbstractInstanceRegistry - Running the evict task with compensationTime 3ms
2020-05-19 08:44:00.287 [Eureka-EvictionTimer] INFO  c.netflix.eureka.registry.AbstractInstanceRegistry - Running the evict task with compensationTime 0ms
2020-05-19 08:44:02.289 [Eureka-EvictionTimer] INFO  c.netflix.eureka.registry.AbstractInstanceRegistry - Running the evict task with compensationTime 1ms
2020-05-19 08:44:04.289 [Eureka-EvictionTimer] INFO  c.netflix.eureka.registry.AbstractInstanceRegistry - Running the evict task with compensationTime 0ms
2020-05-19 08:44:06.290 [Eureka-EvictionTimer] INFO  c.netflix.eureka.registry.AbstractInstanceRegistry - Running the evict task with compensationTime 1ms
2020-05-19 08:44:08.297 [Eureka-EvictionTimer] INFO  c.netflix.eureka.registry.AbstractInstanceRegistry - Running the evict task with compensationTime 4ms
2020-05-19 08:44:10.297 [Eureka-EvictionTimer] INFO  c.netflix.eureka.registry.AbstractInstanceRegistry - Running the evict task with compensationTime 2ms
2020-05-19 08:44:12.300 [Eureka-EvictionTimer] INFO  c.netflix.eureka.registry.AbstractInstanceRegistry - Running the evict task with compensationTime 2ms
2020-05-19 08:44:14.301 [Eureka-EvictionTimer] INFO  c.netflix.eureka.registry.AbstractInstanceRegistry - Running the evict task with compensationTime 0ms
2020-05-19 08:44:16.301 [Eureka-EvictionTimer] INFO  c.netflix.eureka.registry.AbstractInstanceRegistry - Running the evict task with compensationTime 0ms
2020-05-19 08:44:18.300 [Eureka-EvictionTimer] INFO  c.netflix.eureka.registry.AbstractInstanceRegistry - Running the evict task with compensationTime 0ms
2020-05-19 08:44:20.301 [Eureka-EvictionTimer] INFO  c.netflix.eureka.registry.AbstractInstanceRegistry - Running the evict task with compensationTime 0ms
2020-05-19 08:44:22.301 [Eureka-EvictionTimer] INFO  c.netflix.eureka.registry.AbstractInstanceRegistry - Running the evict task with compensationTime 0ms
2020-05-19 08:44:24.303 [Eureka-EvictionTimer] INFO  c.netflix.eureka.registry.AbstractInstanceRegistry - Running the evict task with compensationTime 2ms
2020-05-19 08:44:26.304 [Eureka-EvictionTimer] INFO  c.netflix.eureka.registry.AbstractInstanceRegistry - Running the evict task with compensationTime 1ms
2020-05-19 08:44:28.305 [Eureka-EvictionTimer] INFO  c.netflix.eureka.registry.AbstractInstanceRegistry - Running the evict task with compensationTime 0ms
2020-05-19 08:44:30.310 [Eureka-EvictionTimer] INFO  c.netflix.eureka.registry.AbstractInstanceRegistry - Running the evict task with compensationTime 5ms
2020-05-19 08:44:32.313 [Eureka-EvictionTimer] INFO  c.netflix.eureka.registry.AbstractInstanceRegistry - Running the evict task with compensationTime 2ms
2020-05-19 08:44:34.318 [Eureka-EvictionTimer] INFO  c.netflix.eureka.registry.AbstractInstanceRegistry - Running the evict task with compensationTime 5ms
2020-05-19 08:44:36.319 [Eureka-EvictionTimer] INFO  c.netflix.eureka.registry.AbstractInstanceRegistry - Running the evict task with compensationTime 0ms
2020-05-19 08:44:38.322 [Eureka-EvictionTimer] INFO  c.netflix.eureka.registry.AbstractInstanceRegistry - Running the evict task with compensationTime 3ms
